<?xml version="1.0" encoding="UTF-8"?>
<!-- Generated by org.testng.reporters.JUnitReportReporter -->
<testsuite hostname="LAPTOP-RTGV64HI" failures="0" tests="1" name="women.Women_Product" time="69.048" errors="0" timestamp="2025-04-28T11:38:31 IST" skipped="0">
  <testcase classname="women.Women_Product" name="product" time="69.048"/>
</testsuite> <!-- women.Women_Product -->
