<?xml version="1.0" encoding="UTF-8"?>
<!-- Generated by org.testng.reporters.JUnitReportReporter -->
<testsuite hostname="LAPTOP-RTGV64HI" failures="0" tests="1" name="women.Women_Product" time="65.917" errors="0" timestamp="2025-04-18T10:38:20 IST" skipped="0">
  <testcase classname="women.Women_Product" name="product" time="65.917"/>
</testsuite> <!-- women.Women_Product -->
