<?xml version="1.0" encoding="UTF-8"?>
<!-- Generated by org.testng.reporters.JUnitReportReporter -->
<testsuite hostname="LAPTOP-RTGV64HI" failures="0" tests="1" name="Demo.Demo1" time="8.580" errors="0" timestamp="2024-09-14T16:48:39 IST" skipped="0">
  <testcase classname="Demo.Demo1" name="praveen" time="8.580"/>
</testsuite> <!-- Demo.Demo1 -->
